updating GRUB 2 menu...
Warning: os-prober will be executed to detect other bootable partitions.
Its output will be used to detect bootable binaries on them and create new boot entries.
lsblk: /dev/mapper/no*[0-9]: not a block device
lsblk: /dev/mapper/block*[0-9]: not a block device
lsblk: /dev/mapper/devices*[0-9]: not a block device
lsblk: /dev/mapper/found*[0-9]: not a block device
activating the configuration...
setting up /etc...
reloading user units for lightdm...
reloading user units for petnix...
restarting sysinit-reactivation.target
restarting the following units: home-manager-petnix.service
bpkd75ksr5g9k-system-units.drv
  /nix/store/pzaqr32ykmkfsw0jkkxhvarqx8s2jwpg-etc.drv
  /nix/store/78zsrwzc6dnysmaq0pz6han8hwc6rnag-nixos-system-nixos-24.05.20240224.73de017.drv
these 3 paths will be fetched (2.16 MiB download, 7.36 MiB unpacked):
  /nix/store/09m04b30bzpii7d2507j879ncvmxqlq7-nix-zsh-completions-0.5.0
  /nix/store/am0wjwz25yw7q8llxhlbkh44jsan1a9m-zsh-5.9
  /nix/store/kqlp8zqs98j1cd7bcz1c3g95vf11yb43-zsh-5.9-man
copying path '/nix/store/09m04b30bzpii7d2507j879ncvmxqlq7-nix-zsh-completions-0.5.0' from 'https://cache.nixos.org'...
copying path '/nix/store/kqlp8zqs98j1cd7bcz1c3g95vf11yb43-zsh-5.9-man' from 'https://cache.nixos.org'...
copying path '/nix/store/am0wjwz25yw7q8llxhlbkh44jsan1a9m-zsh-5.9' from 'https://cache.nixos.org'...
building '/nix/store/0wbxc0fg42qvn7bgxfis42yk2ip5kpar-hm_.zshenv.drv'...
building '/nix/store/kzcd03cj6p01808dbpm65p5wz4vssvmy-home-manager-files.drv'...
building '/nix/store/8glxvp65v4ikxg9mxzhhslqdj5zqqpi6-home-manager-path.drv'...
building '/nix/store/1jahfri6pqx4fmxilwaw2hlxkmwgy4hc-activation-script.drv'...
building '/nix/store/y4x33fbyfijp9asdhj5m46b3zd17dslf-home-manager-generation.drv'...
building '/nix/store/9q78wrvs64gmb5bl53nkq46d9hj7dc8g-unit-home-manager-petnix.service.drv'...
building '/nix/store/rdk0kw82k922fypkjn6bpkd75ksr5g9k-system-units.drv'...
building '/nix/store/pzaqr32ykmkfsw0jkkxhvarqx8s2jwpg-etc.drv'...
building '/nix/store/78zsrwzc6dnysmaq0pz6han8hwc6rnag-nixos-system-nixos-24.05.20240224.73de017.drv'...
